# JRE version: Java(TM) SE Runtime Environment (19.0.2+7) (build 19.0.2+7-44)
# Java VM: Java HotSpot(TM) 64-Bit Server VM (19.0.2+7-44, mixed mode, emulated-client, sharing, tiered, compressed oops, compressed class ptrs, g1 gc, windows-amd64)
GC Precious Log:
 CardTable entry size: 512
 Card Set container configuration: InlinePtr #cards 5 size 8 Array Of Cards #cards 12 size 40 Howl #buckets 4 coarsen threshold 1843 Howl Bitmap #cards 512 size 80 coarsen threshold 460 Card regions per heap region 1 cards per card region 2048
 CPUs: 3 total, 3 available
 Memory: 3607M
 Large Page Support: Disabled
 NUMA Support: Disabled
 Compressed Oops: Enabled (32-bit)
 Heap Region Size: 1M
 Heap Min Capacity: 8M
 Heap Initial Capacity: 58M
 Heap Max Capacity: 902M
 Pre-touch: Disabled
 Parallel Workers: 3
 Concurrent Workers: 1
 Concurrent Refinement Workers: 3
 Periodic GC: Disabled
Heap:
 garbage-first heap   total 55296K, used 31462K [0x00000000c7a00000, 0x0000000100000000)
  region size 1024K, 14 young (14336K), 2 survivors (2048K)
 Metaspace       used 38458K, committed 38848K, reserved 1114112K
  class space    used 5138K, committed 5312K, reserved 1048576K
GC Heap History (20 events):
Event: 1.685 GC heap before
{Heap before GC invocations=1 (full 0):
 garbage-first heap   total 59392K, used 8581K [0x00000000c7a00000, 0x0000000100000000)
  region size 1024K, 4 young (4096K), 1 survivors (1024K)
 Metaspace       used 2586K, committed 2816K, reserved 1114112K
  class space    used 284K, committed 384K, reserved 1048576K
}
Event: 1.692 GC heap after
{Heap after GC invocations=2 (full 0):
 garbage-first heap   total 59392K, used 6971K [0x00000000c7a00000, 0x0000000100000000)
  region size 1024K, 1 young (1024K), 1 survivors (1024K)
 Metaspace       used 2586K, committed 2816K, reserved 1114112K
  class space    used 284K, committed 384K, reserved 1048576K
}
Event: 2.419 GC heap before
{Heap before GC invocations=2 (full 0):
 garbage-first heap   total 59392K, used 13115K [0x00000000c7a00000, 0x0000000100000000)
  region size 1024K, 8 young (8192K), 1 survivors (1024K)
 Metaspace       used 6004K, committed 6272K, reserved 1114112K
  class space    used 667K, committed 832K, reserved 1048576K
}
Event: 2.428 GC heap after
{Heap after GC invocations=3 (full 0):
 garbage-first heap   total 59392K, used 8559K [0x00000000c7a00000, 0x0000000100000000)
  region size 1024K, 1 young (1024K), 1 survivors (1024K)
 Metaspace       used 6004K, committed 6272K, reserved 1114112K
  class space    used 667K, committed 832K, reserved 1048576K
}
Event: 4.146 GC heap before
{Heap before GC invocations=3 (full 0):
 garbage-first heap   total 59392K, used 24943K [0x00000000c7a00000, 0x0000000100000000)
  region size 1024K, 17 young (17408K), 1 survivors (1024K)
 Metaspace       used 10148K, committed 10496K, reserved 1114112K
  class space    used 1268K, committed 1408K, reserved 1048576K
}
Event: 4.156 GC heap after
{Heap after GC invocations=4 (full 0):
 garbage-first heap   total 59392K, used 10266K [0x00000000c7a00000, 0x0000000100000000)
  region size 1024K, 3 young (3072K), 3 survivors (3072K)
 Metaspace       used 10148K, committed 10496K, reserved 1114112K
  class space    used 1268K, committed 1408K, reserved 1048576K
}
Event: 5.529 GC heap before
{Heap before GC invocations=4 (full 0):
 garbage-first heap   total 59392K, used 33818K [0x00000000c7a00000, 0x0000000100000000)
  region size 1024K, 27 young (27648K), 3 survivors (3072K)
 Metaspace       used 15910K, committed 16192K, reserved 1114112K
  class space    used 2127K, committed 2240K, reserved 1048576K
}
Event: 5.565 GC heap after
{Heap after GC invocations=5 (full 0):
 garbage-first heap   total 59392K, used 11767K [0x00000000c7a00000, 0x0000000100000000)
  region size 1024K, 4 young (4096K), 4 survivors (4096K)
 Metaspace       used 15910K, committed 16192K, reserved 1114112K
  class space    used 2127K, committed 2240K, reserved 1048576K
}
Event: 7.088 GC heap before
{Heap before GC invocations=5 (full 0):
 garbage-first heap   total 59392K, used 38391K [0x00000000c7a00000, 0x0000000100000000)
  region size 1024K, 31 young (31744K), 4 survivors (4096K)
 Metaspace       used 19883K, committed 20224K, reserved 1114112K
  class space    used 2592K, committed 2752K, reserved 1048576K
}
Event: 7.105 GC heap after
{Heap after GC invocations=6 (full 0):
 garbage-first heap   total 59392K, used 14117K [0x00000000c7a00000, 0x0000000100000000)
  region size 1024K, 4 young (4096K), 4 survivors (4096K)
 Metaspace       used 19883K, committed 20224K, reserved 1114112K
  class space    used 2592K, committed 2752K, reserved 1048576K
}
Event: 7.693 GC heap before
{Heap before GC invocations=6 (full 0):
 garbage-first heap   total 59392K, used 22309K [0x00000000c7a00000, 0x0000000100000000)
  region size 1024K, 13 young (13312K), 4 survivors (4096K)
 Metaspace       used 21148K, committed 21504K, reserved 1114112K
  class space    used 2763K, committed 2944K, reserved 1048576K
}
Event: 7.707 GC heap after
{Heap after GC invocations=7 (full 0):
 garbage-first heap   total 71680K, used 14449K [0x00000000c7a00000, 0x0000000100000000)
  region size 1024K, 1 young (1024K), 1 survivors (1024K)
 Metaspace       used 21148K, committed 21504K, reserved 1114112K
  class space    used 2763K, committed 2944K, reserved 1048576K
}
Event: 9.931 GC heap before
{Heap before GC invocations=8 (full 0):
 garbage-first heap   total 55296K, used 46193K [0x00000000c7a00000, 0x0000000100000000)
  region size 1024K, 32 young (32768K), 1 survivors (1024K)
 Metaspace       used 26353K, committed 26816K, reserved 1114112K
  class space    used 3528K, committed 3776K, reserved 1048576K
}
Event: 9.965 GC heap after
{Heap after GC invocations=9 (full 0):
 garbage-first heap   total 55296K, used 17197K [0x00000000c7a00000, 0x0000000100000000)
  region size 1024K, 4 young (4096K), 4 survivors (4096K)
 Metaspace       used 26353K, committed 26816K, reserved 1114112K
  class space    used 3528K, committed 3776K, reserved 1048576K
}
Event: 10.114 GC heap before
{Heap before GC invocations=9 (full 0):
 garbage-first heap   total 55296K, used 18221K [0x00000000c7a00000, 0x0000000100000000)
  region size 1024K, 5 young (5120K), 4 survivors (4096K)
 Metaspace       used 26612K, committed 27072K, reserved 1114112K
  class space    used 3546K, committed 3776K, reserved 1048576K
}
Event: 10.128 GC heap after
{Heap after GC invocations=10 (full 0):
 garbage-first heap   total 55296K, used 17729K [0x00000000c7a00000, 0x0000000100000000)
  region size 1024K, 1 young (1024K), 1 survivors (1024K)
 Metaspace       used 26612K, committed 27072K, reserved 1114112K
  class space    used 3546K, committed 3776K, reserved 1048576K
}
Event: 12.700 GC heap before
{Heap before GC invocations=10 (full 0):
 garbage-first heap   total 55296K, used 40257K [0x00000000c7a00000, 0x0000000100000000)
  region size 1024K, 24 young (24576K), 1 survivors (1024K)
 Metaspace       used 31225K, committed 31680K, reserved 1114112K
  class space    used 4051K, committed 4224K, reserved 1048576K
}
Event: 12.706 GC heap after
{Heap after GC invocations=11 (full 0):
 garbage-first heap   total 55296K, used 18897K [0x00000000c7a00000, 0x0000000100000000)
  region size 1024K, 2 young (2048K), 2 survivors (2048K)
 Metaspace       used 31225K, committed 31680K, reserved 1114112K
  class space    used 4051K, committed 4224K, reserved 1048576K
}
Event: 20.135 GC heap before
{Heap before GC invocations=11 (full 0):
 garbage-first heap   total 55296K, used 37329K [0x00000000c7a00000, 0x0000000100000000)
  region size 1024K, 21 young (21504K), 2 survivors (2048K)
 Metaspace       used 35638K, committed 36096K, reserved 1114112K
  class space    used 4760K, committed 4992K, reserved 1048576K
}
Event: 20.152 GC heap after
{Heap after GC invocations=12 (full 0):
 garbage-first heap   total 55296K, used 20198K [0x00000000c7a00000, 0x0000000100000000)
  region size 1024K, 2 young (2048K), 2 survivors (2048K)
 Metaspace       used 35638K, committed 36096K, reserved 1114112K
  class space    used 4760K, committed 4992K, reserved 1048576K
}

